AndroidStudioProjects/DropUpload/app/build/outputs/logs/manifest-merger-debug-report.txt
-- Merging decision tree log ---
manifest
ADDED from src/main/AndroidManifest.xml:2:1-38:12
	xmlns:android
		ADDED from src/main/AndroidManifest.xml:2:11-69
	package
		ADDED from src/main/AndroidManifest.xml:3:7-43
		INJECTED from src/main/AndroidManifest.xml
		INJECTED from src/main/AndroidManifest.xml
	android:versionName
		ADDED from src/main/AndroidManifest.xml:5:7-32
		INJECTED from src/main/AndroidManifest.xml
		INJECTED from src/main/AndroidManifest.xml
	android:versionCode
		ADDED from src/main/AndroidManifest.xml:4:7-30
		INJECTED from src/main/AndroidManifest.xml
		INJECTED from src/main/AndroidManifest.xml
uses-sdk
ADDED from src/main/AndroidManifest.xml:7:3-41
	android:minSdkVersion
		ADDED from src/main/AndroidManifest.xml:7:13-38
		INJECTED from src/main/AndroidManifest.xml
		INJECTED from src/main/AndroidManifest.xml
uses-permission#android.permission.INTERNET
ADDED from src/main/AndroidManifest.xml:9:3-65
	android:name
		ADDED from src/main/AndroidManifest.xml:9:20-62
uses-permission#android.permission.WRITE_EXTERNAL_STORAGE
ADDED from src/main/AndroidManifest.xml:10:3-78
	android:name
		ADDED from src/main/AndroidManifest.xml:10:20-76
application
ADDED from src/main/AndroidManifest.xml:12:3-37:17
	android:label
		ADDED from src/main/AndroidManifest.xml:12:46-78
	android:icon
		ADDED from src/main/AndroidManifest.xml:12:16-45
activity#com.dropbox.android.sample.DBRoulette
ADDED from src/main/AndroidManifest.xml:13:5-21:16
	android:label
		ADDED from src/main/AndroidManifest.xml:15:7-39
	android:configChanges
		ADDED from src/main/AndroidManifest.xml:16:7-51
	android:name
		ADDED from src/main/AndroidManifest.xml:14:7-33
intent-filter#android.intent.action.MAIN+android.intent.category.LAUNCHER
ADDED from src/main/AndroidManifest.xml:17:7-20:23
action#android.intent.action.MAIN
ADDED from src/main/AndroidManifest.xml:18:9-61
	android:name
		ADDED from src/main/AndroidManifest.xml:18:17-58
category#android.intent.category.LAUNCHER
ADDED from src/main/AndroidManifest.xml:19:9-69
	android:name
		ADDED from src/main/AndroidManifest.xml:19:19-66
activity#com.dropbox.client2.android.AuthActivity
ADDED from src/main/AndroidManifest.xml:23:5-35:16
	android:configChanges
		ADDED from src/main/AndroidManifest.xml:26:7-51
	android:name
		ADDED from src/main/AndroidManifest.xml:24:7-62
	android:launchMode
		ADDED from src/main/AndroidManifest.xml:25:7-38
intent-filter#android.intent.action.VIEW+android.intent.category.BROWSABLE+android.intent.category.DEFAULT
ADDED from src/main/AndroidManifest.xml:27:7-34:23
data
ADDED from src/main/AndroidManifest.xml:30:9-53
	android:scheme
		ADDED from src/main/AndroidManifest.xml:30:15-50
action#android.intent.action.VIEW
ADDED from src/main/AndroidManifest.xml:31:9-61
	android:name
		ADDED from src/main/AndroidManifest.xml:31:17-58
category#android.intent.category.BROWSABLE
ADDED from src/main/AndroidManifest.xml:32:9-69
	android:name
		ADDED from src/main/AndroidManifest.xml:32:19-67
category#android.intent.category.DEFAULT
ADDED from src/main/AndroidManifest.xml:33:9-68
	android:name
		ADDED from src/main/AndroidManifest.xml:33:19-65